INFO  time: initialize in 3.46s
WARN  no build tool detected in workspace 'c:\Users\Chulaka\treflor'. The most common cause for this problem is that the editor was opened in the wrong working directory, for example if you use sbt then the workspace directory should contain build.sbt. 
INFO  shutting down Metals
INFO  time: initialize in 3.45s
WARN  no build tool detected in workspace 'c:\Users\Chulaka\treflor'. The most common cause for this problem is that the editor was opened in the wrong working directory, for example if you use sbt then the workspace directory should contain build.sbt. 
INFO  time: initialize in 4.37s
WARN  no build tool detected in workspace 'c:\Users\Chulaka\treflor'. The most common cause for this problem is that the editor was opened in the wrong working directory, for example if you use sbt then the workspace directory should contain build.sbt. 
INFO  time: initialize in 3.94s
WARN  no build tool detected in workspace 'c:\Users\Chulaka\treflor'. The most common cause for this problem is that the editor was opened in the wrong working directory, for example if you use sbt then the workspace directory should contain build.sbt. 
INFO  shutting down Metals
INFO  time: initialize in 2.77s
WARN  no build tool detected in workspace 'c:\Users\Chulaka\tref4\frontend'. The most common cause for this problem is that the editor was opened in the wrong working directory, for example if you use sbt then the workspace directory should contain build.sbt. 
INFO  time: initialize in 2.39s
WARN  no build tool detected in workspace 'c:\Users\Chulaka\tref4\frontend'. The most common cause for this problem is that the editor was opened in the wrong working directory, for example if you use sbt then the workspace directory should contain build.sbt. 
INFO  time: initialize in 1.61s
WARN  no build tool detected in workspace 'c:\Users\Chulaka\tref4\frontend'. The most common cause for this problem is that the editor was opened in the wrong working directory, for example if you use sbt then the workspace directory should contain build.sbt. 
Nov 07, 2019 9:12:29 PM org.eclipse.lsp4j.jsonrpc.services.GenericEndpoint notify
INFO: Unsupported notification method: $/setTraceNotification
Nov 07, 2019 9:12:29 PM org.eclipse.lsp4j.jsonrpc.services.GenericEndpoint notify
INFO: Unsupported notification method: $/setTraceNotification
Nov 07, 2019 9:12:36 PM org.eclipse.lsp4j.jsonrpc.services.GenericEndpoint notify
INFO: Unsupported notification method: $/setTraceNotification
Nov 07, 2019 9:12:36 PM org.eclipse.lsp4j.jsonrpc.services.GenericEndpoint notify
INFO: Unsupported notification method: $/setTraceNotification
INFO  time: initialize in 3.35s
WARN  no build tool detected in workspace 'c:\Users\Chulaka\tref4\frontend'. The most common cause for this problem is that the editor was opened in the wrong working directory, for example if you use sbt then the workspace directory should contain build.sbt. 
INFO  shutting down Metals
INFO  time: initialize in 1.43s
WARN  no build tool detected in workspace 'c:\Users\Chulaka\tref4\frontend'. The most common cause for this problem is that the editor was opened in the wrong working directory, for example if you use sbt then the workspace directory should contain build.sbt. 
INFO  time: initialize in 3.71s
WARN  no build tool detected in workspace 'c:\Users\Chulaka\tref4\frontend'. The most common cause for this problem is that the editor was opened in the wrong working directory, for example if you use sbt then the workspace directory should contain build.sbt. 
INFO  time: initialize in 2.1s
WARN  no build tool detected in workspace 'c:\Users\Chulaka\tref4\frontend'. The most common cause for this problem is that the editor was opened in the wrong working directory, for example if you use sbt then the workspace directory should contain build.sbt. 
INFO  time: initialize in 4.07s
WARN  no build tool detected in workspace 'c:\Users\Chulaka\tref4\frontend'. The most common cause for this problem is that the editor was opened in the wrong working directory, for example if you use sbt then the workspace directory should contain build.sbt. 
INFO  time: initialize in 4.2s
WARN  no build tool detected in workspace 'c:\Users\Chulaka\tref4\frontend'. The most common cause for this problem is that the editor was opened in the wrong working directory, for example if you use sbt then the workspace directory should contain build.sbt. 
INFO  time: initialize in 6.02s
WARN  no build tool detected in workspace 'c:\Users\Chulaka\tref4\frontend'. The most common cause for this problem is that the editor was opened in the wrong working directory, for example if you use sbt then the workspace directory should contain build.sbt. 
INFO  shutting down Metals
INFO  time: initialize in 4.31s
WARN  no build tool detected in workspace 'c:\Users\Chulaka\tref4\frontend'. The most common cause for this problem is that the editor was opened in the wrong working directory, for example if you use sbt then the workspace directory should contain build.sbt. 
INFO  time: initialize in 4.4s
WARN  no build tool detected in workspace 'c:\Users\Chulaka\tref4\frontend'. The most common cause for this problem is that the editor was opened in the wrong working directory, for example if you use sbt then the workspace directory should contain build.sbt. 
INFO  time: initialize in 2.92s
WARN  no build tool detected in workspace 'c:\Users\Chulaka\tref4-2\frontend'. The most common cause for this problem is that the editor was opened in the wrong working directory, for example if you use sbt then the workspace directory should contain build.sbt. 
INFO  time: initialize in 5.75s
WARN  no build tool detected in workspace 'c:\Users\Chulaka\tref4-2\frontend'. The most common cause for this problem is that the editor was opened in the wrong working directory, for example if you use sbt then the workspace directory should contain build.sbt. 
INFO  time: initialize in 2.42s
WARN  no build tool detected in workspace 'c:\Users\Chulaka\tref4-2\frontend'. The most common cause for this problem is that the editor was opened in the wrong working directory, for example if you use sbt then the workspace directory should contain build.sbt. 
INFO  time: initialize in 3.45s
WARN  no build tool detected in workspace 'c:\Users\Chulaka\tref4-4\frontend'. The most common cause for this problem is that the editor was opened in the wrong working directory, for example if you use sbt then the workspace directory should contain build.sbt. 
INFO  time: initialize in 2.4s
WARN  no build tool detected in workspace 'c:\Users\Chulaka\tref4-4\frontend'. The most common cause for this problem is that the editor was opened in the wrong working directory, for example if you use sbt then the workspace directory should contain build.sbt. 
INFO  time: initialize in 2.17s
WARN  no build tool detected in workspace 'c:\Users\Chulaka\tref4-4\frontend'. The most common cause for this problem is that the editor was opened in the wrong working directory, for example if you use sbt then the workspace directory should contain build.sbt. 
